<?xml version="1.0" encoding="UTF-8"?>
<!-- Generated by org.testng.reporters.JUnitXMLReporter -->
<testsuite ignored="0" hostname="mindc1d330" failures="0" tests="7" name="Test" time="60.925" errors="0" timestamp="2022-06-08T09:58:52 IST">
  <testcase classname="test.aboutTest" name="met" time="6.615"/>
  <testcase classname="test.Logintest" name="test1" time="13.234"/>
  <testcase classname="test.SearchTest" name="test2" time="4.719"/>
  <testcase classname="test.TermsAndConditionsTest" name="test" time="4.084"/>
  <testcase classname="test.PrivacyPolicyTest" name="test1" time="6.97"/>
  <testcase classname="test.LivingNavTest" name="Test" time="5.323"/>
  <testcase classname="test.DeliveryTest" name="test" time="4.596"/>
</testsuite> <!-- Test -->
